Determining if the Q_WS_X11 exist failed with the following output:
Change Dir: /Users/graceparkssd/Desktop/viewer/build_gdb/CMakeFiles/CMakeTmp

Run Build Command:/usr/bin/make "cmTryCompileExec673130272/fast"
/usr/bin/make -f CMakeFiles/cmTryCompileExec673130272.dir/build.make CMakeFiles/cmTryCompileExec673130272.dir/build
/opt/local/bin/cmake -E cmake_progress_report /Users/graceparkssd/Desktop/viewer/build_gdb/CMakeFiles/CMakeTmp/CMakeFiles 1
Building CXX object CMakeFiles/cmTryCompileExec673130272.dir/CheckSymbolExists.cxx.o
/usr/bin/c++    -F/Library/Frameworks    -o CMakeFiles/cmTryCompileExec673130272.dir/CheckSymbolExists.cxx.o -c /Users/graceparkssd/Desktop/viewer/build_gdb/CMakeFiles/CMakeTmp/CheckSymbolExists.cxx
/Users/graceparkssd/Desktop/viewer/build_gdb/CMakeFiles/CMakeTmp/CheckSymbolExists.cxx:8:19: error: use of undeclared identifier 'Q_WS_X11'
  return ((int*)(&Q_WS_X11))[argc];
                  ^
1 error generated.
make[1]: *** [CMakeFiles/cmTryCompileExec673130272.dir/CheckSymbolExists.cxx.o] Error 1
make: *** [cmTryCompileExec673130272/fast] Error 2

File /Users/graceparkssd/Desktop/viewer/build_gdb/CMakeFiles/CMakeTmp/CheckSymbolExists.cxx:
/* */
#include <QtCore/qglobal.h>

int main(int argc, char** argv)
{
  (void)argv;
#ifndef Q_WS_X11
  return ((int*)(&Q_WS_X11))[argc];
#else
  (void)argc;
  return 0;
#endif
}

Determining if the Q_WS_WIN exist failed with the following output:
Change Dir: /Users/graceparkssd/Desktop/viewer/build_gdb/CMakeFiles/CMakeTmp

Run Build Command:/usr/bin/make "cmTryCompileExec3686340388/fast"
/usr/bin/make -f CMakeFiles/cmTryCompileExec3686340388.dir/build.make CMakeFiles/cmTryCompileExec3686340388.dir/build
/opt/local/bin/cmake -E cmake_progress_report /Users/graceparkssd/Desktop/viewer/build_gdb/CMakeFiles/CMakeTmp/CMakeFiles 1
Building CXX object CMakeFiles/cmTryCompileExec3686340388.dir/CheckSymbolExists.cxx.o
/usr/bin/c++    -F/Library/Frameworks    -o CMakeFiles/cmTryCompileExec3686340388.dir/CheckSymbolExists.cxx.o -c /Users/graceparkssd/Desktop/viewer/build_gdb/CMakeFiles/CMakeTmp/CheckSymbolExists.cxx
/Users/graceparkssd/Desktop/viewer/build_gdb/CMakeFiles/CMakeTmp/CheckSymbolExists.cxx:8:19: error: use of undeclared identifier 'Q_WS_WIN'
  return ((int*)(&Q_WS_WIN))[argc];
                  ^
1 error generated.
make[1]: *** [CMakeFiles/cmTryCompileExec3686340388.dir/CheckSymbolExists.cxx.o] Error 1
make: *** [cmTryCompileExec3686340388/fast] Error 2

File /Users/graceparkssd/Desktop/viewer/build_gdb/CMakeFiles/CMakeTmp/CheckSymbolExists.cxx:
/* */
#include <QtCore/qglobal.h>

int main(int argc, char** argv)
{
  (void)argv;
#ifndef Q_WS_WIN
  return ((int*)(&Q_WS_WIN))[argc];
#else
  (void)argc;
  return 0;
#endif
}

Determining if the Q_WS_QWS exist failed with the following output:
Change Dir: /Users/graceparkssd/Desktop/viewer/build_gdb/CMakeFiles/CMakeTmp

Run Build Command:/usr/bin/make "cmTryCompileExec164630991/fast"
/usr/bin/make -f CMakeFiles/cmTryCompileExec164630991.dir/build.make CMakeFiles/cmTryCompileExec164630991.dir/build
/opt/local/bin/cmake -E cmake_progress_report /Users/graceparkssd/Desktop/viewer/build_gdb/CMakeFiles/CMakeTmp/CMakeFiles 1
Building CXX object CMakeFiles/cmTryCompileExec164630991.dir/CheckSymbolExists.cxx.o
/usr/bin/c++    -F/Library/Frameworks    -o CMakeFiles/cmTryCompileExec164630991.dir/CheckSymbolExists.cxx.o -c /Users/graceparkssd/Desktop/viewer/build_gdb/CMakeFiles/CMakeTmp/CheckSymbolExists.cxx
/Users/graceparkssd/Desktop/viewer/build_gdb/CMakeFiles/CMakeTmp/CheckSymbolExists.cxx:8:19: error: use of undeclared identifier 'Q_WS_QWS'
  return ((int*)(&Q_WS_QWS))[argc];
                  ^
1 error generated.
make[1]: *** [CMakeFiles/cmTryCompileExec164630991.dir/CheckSymbolExists.cxx.o] Error 1
make: *** [cmTryCompileExec164630991/fast] Error 2

File /Users/graceparkssd/Desktop/viewer/build_gdb/CMakeFiles/CMakeTmp/CheckSymbolExists.cxx:
/* */
#include <QtCore/qglobal.h>

int main(int argc, char** argv)
{
  (void)argv;
#ifndef Q_WS_QWS
  return ((int*)(&Q_WS_QWS))[argc];
#else
  (void)argc;
  return 0;
#endif
}

