The system is: Darwin - 12.4.0 - i386
Compiling the C compiler identification source file "CMakeCCompilerId.c" succeeded.
Compiler: /usr/bin/cc 
Build flags: 
Id flags: 

The output was:
0


Compilation of the C compiler identification source "CMakeCCompilerId.c" produced "a.out"

The C compiler identification is Clang, found in "/Users/graceparkssd/Desktop/viewer/build_gdb/CMakeFiles/2.8.10.2/CompilerIdC/a.out"

Compiling the CXX compiler identification source file "CMakeCXXCompilerId.cpp" succeeded.
Compiler: /usr/bin/c++ 
Build flags: 
Id flags: 

The output was:
0


Compilation of the CXX compiler identification source "CMakeCXXCompilerId.cpp" produced "a.out"

The CXX compiler identification is Clang, found in "/Users/graceparkssd/Desktop/viewer/build_gdb/CMakeFiles/2.8.10.2/CompilerIdCXX/a.out"

Determining if the C compiler works passed with the following output:
Change Dir: /Users/graceparkssd/Desktop/viewer/build_gdb/CMakeFiles/CMakeTmp

Run Build Command:/usr/bin/make "cmTryCompileExec3367343382/fast"
/usr/bin/make -f CMakeFiles/cmTryCompileExec3367343382.dir/build.make CMakeFiles/cmTryCompileExec3367343382.dir/build
/opt/local/bin/cmake -E cmake_progress_report /Users/graceparkssd/Desktop/viewer/build_gdb/CMakeFiles/CMakeTmp/CMakeFiles 1
Building C object CMakeFiles/cmTryCompileExec3367343382.dir/testCCompiler.c.o
/usr/bin/cc    -o CMakeFiles/cmTryCompileExec3367343382.dir/testCCompiler.c.o   -c /Users/graceparkssd/Desktop/viewer/build_gdb/CMakeFiles/CMakeTmp/testCCompiler.c
Linking C executable cmTryCompileExec3367343382
/opt/local/bin/cmake -E cmake_link_script CMakeFiles/cmTryCompileExec3367343382.dir/link.txt --verbose=1
/usr/bin/cc      -Wl,-search_paths_first -Wl,-headerpad_max_install_names   CMakeFiles/cmTryCompileExec3367343382.dir/testCCompiler.c.o  -o cmTryCompileExec3367343382  


Detecting C compiler ABI info compiled with the following output:
Change Dir: /Users/graceparkssd/Desktop/viewer/build_gdb/CMakeFiles/CMakeTmp

Run Build Command:/usr/bin/make "cmTryCompileExec829485132/fast"
/usr/bin/make -f CMakeFiles/cmTryCompileExec829485132.dir/build.make CMakeFiles/cmTryCompileExec829485132.dir/build
/opt/local/bin/cmake -E cmake_progress_report /Users/graceparkssd/Desktop/viewer/build_gdb/CMakeFiles/CMakeTmp/CMakeFiles 1
Building C object CMakeFiles/cmTryCompileExec829485132.dir/CMakeCCompilerABI.c.o
/usr/bin/cc    -o CMakeFiles/cmTryCompileExec829485132.dir/CMakeCCompilerABI.c.o   -c /opt/local/share/cmake-2.8/Modules/CMakeCCompilerABI.c
Linking C executable cmTryCompileExec829485132
/opt/local/bin/cmake -E cmake_link_script CMakeFiles/cmTryCompileExec829485132.dir/link.txt --verbose=1
/usr/bin/cc      -Wl,-search_paths_first -Wl,-headerpad_max_install_names -v CMakeFiles/cmTryCompileExec829485132.dir/CMakeCCompilerABI.c.o  -o cmTryCompileExec829485132   
Apple LLVM version 4.2 (clang-425.0.28) (based on LLVM 3.2svn)
Target: x86_64-apple-darwin12.4.0
Thread model: posix
 "/usr/bin/ld" -demangle -dynamic -arch x86_64 -macosx_version_min 10.8.0 -o cmTryCompileExec829485132 -search_paths_first -headerpad_max_install_names CMakeFiles/cmTryCompileExec829485132.dir/CMakeCCompilerABI.c.o -lSystem /usr/bin/../lib/clang/4.2/lib/darwin/libclang_rt.osx.a


Parsed C implicit link information from above output:
  link line regex: [^( *|.*[/\])(ld|ld|collect2)[^/\]*( |$)]
  ignore line: [Change Dir: /Users/graceparkssd/Desktop/viewer/build_gdb/CMakeFiles/CMakeTmp]
  ignore line: []
  ignore line: [Run Build Command:/usr/bin/make "cmTryCompileExec829485132/fast"]
  ignore line: [/usr/bin/make -f CMakeFiles/cmTryCompileExec829485132.dir/build.make CMakeFiles/cmTryCompileExec829485132.dir/build]
  ignore line: [/opt/local/bin/cmake -E cmake_progress_report /Users/graceparkssd/Desktop/viewer/build_gdb/CMakeFiles/CMakeTmp/CMakeFiles 1]
  ignore line: [Building C object CMakeFiles/cmTryCompileExec829485132.dir/CMakeCCompilerABI.c.o]
  ignore line: [/usr/bin/cc    -o CMakeFiles/cmTryCompileExec829485132.dir/CMakeCCompilerABI.c.o   -c /opt/local/share/cmake-2.8/Modules/CMakeCCompilerABI.c]
  ignore line: [Linking C executable cmTryCompileExec829485132]
  ignore line: [/opt/local/bin/cmake -E cmake_link_script CMakeFiles/cmTryCompileExec829485132.dir/link.txt --verbose=1]
  ignore line: [/usr/bin/cc      -Wl,-search_paths_first -Wl,-headerpad_max_install_names -v CMakeFiles/cmTryCompileExec829485132.dir/CMakeCCompilerABI.c.o  -o cmTryCompileExec829485132   ]
  ignore line: [Apple LLVM version 4.2 (clang-425.0.28) (based on LLVM 3.2svn)]
  ignore line: [Target: x86_64-apple-darwin12.4.0]
  ignore line: [Thread model: posix]
  link line: [ "/usr/bin/ld" -demangle -dynamic -arch x86_64 -macosx_version_min 10.8.0 -o cmTryCompileExec829485132 -search_paths_first -headerpad_max_install_names CMakeFiles/cmTryCompileExec829485132.dir/CMakeCCompilerABI.c.o -lSystem /usr/bin/../lib/clang/4.2/lib/darwin/libclang_rt.osx.a]
    arg [/usr/bin/ld] ==> ignore
    arg [-demangle] ==> ignore
    arg [-dynamic] ==> ignore
    arg [-arch] ==> ignore
    arg [x86_64] ==> ignore
    arg [-macosx_version_min] ==> ignore
    arg [10.8.0] ==> ignore
    arg [-o] ==> ignore
    arg [cmTryCompileExec829485132] ==> ignore
    arg [-search_paths_first] ==> ignore
    arg [-headerpad_max_install_names] ==> ignore
    arg [CMakeFiles/cmTryCompileExec829485132.dir/CMakeCCompilerABI.c.o] ==> ignore
    arg [-lSystem] ==> lib [System]
    arg [/usr/bin/../lib/clang/4.2/lib/darwin/libclang_rt.osx.a] ==> lib [/usr/bin/../lib/clang/4.2/lib/darwin/libclang_rt.osx.a]
  remove lib [System]
  implicit libs: [/usr/bin/../lib/clang/4.2/lib/darwin/libclang_rt.osx.a]
  implicit dirs: []


Determining if the CXX compiler works passed with the following output:
Change Dir: /Users/graceparkssd/Desktop/viewer/build_gdb/CMakeFiles/CMakeTmp

Run Build Command:/usr/bin/make "cmTryCompileExec3497675104/fast"
/usr/bin/make -f CMakeFiles/cmTryCompileExec3497675104.dir/build.make CMakeFiles/cmTryCompileExec3497675104.dir/build
/opt/local/bin/cmake -E cmake_progress_report /Users/graceparkssd/Desktop/viewer/build_gdb/CMakeFiles/CMakeTmp/CMakeFiles 1
Building CXX object CMakeFiles/cmTryCompileExec3497675104.dir/testCXXCompiler.cxx.o
/usr/bin/c++     -o CMakeFiles/cmTryCompileExec3497675104.dir/testCXXCompiler.cxx.o -c /Users/graceparkssd/Desktop/viewer/build_gdb/CMakeFiles/CMakeTmp/testCXXCompiler.cxx
Linking CXX executable cmTryCompileExec3497675104
/opt/local/bin/cmake -E cmake_link_script CMakeFiles/cmTryCompileExec3497675104.dir/link.txt --verbose=1
/usr/bin/c++       -Wl,-search_paths_first -Wl,-headerpad_max_install_names   CMakeFiles/cmTryCompileExec3497675104.dir/testCXXCompiler.cxx.o  -o cmTryCompileExec3497675104  


Detecting CXX compiler ABI info compiled with the following output:
Change Dir: /Users/graceparkssd/Desktop/viewer/build_gdb/CMakeFiles/CMakeTmp

Run Build Command:/usr/bin/make "cmTryCompileExec2655804142/fast"
/usr/bin/make -f CMakeFiles/cmTryCompileExec2655804142.dir/build.make CMakeFiles/cmTryCompileExec2655804142.dir/build
/opt/local/bin/cmake -E cmake_progress_report /Users/graceparkssd/Desktop/viewer/build_gdb/CMakeFiles/CMakeTmp/CMakeFiles 1
Building CXX object CMakeFiles/cmTryCompileExec2655804142.dir/CMakeCXXCompilerABI.cpp.o
/usr/bin/c++     -o CMakeFiles/cmTryCompileExec2655804142.dir/CMakeCXXCompilerABI.cpp.o -c /opt/local/share/cmake-2.8/Modules/CMakeCXXCompilerABI.cpp
Linking CXX executable cmTryCompileExec2655804142
/opt/local/bin/cmake -E cmake_link_script CMakeFiles/cmTryCompileExec2655804142.dir/link.txt --verbose=1
/usr/bin/c++       -Wl,-search_paths_first -Wl,-headerpad_max_install_names -v CMakeFiles/cmTryCompileExec2655804142.dir/CMakeCXXCompilerABI.cpp.o  -o cmTryCompileExec2655804142   
Apple LLVM version 4.2 (clang-425.0.28) (based on LLVM 3.2svn)
Target: x86_64-apple-darwin12.4.0
Thread model: posix
 "/usr/bin/ld" -demangle -dynamic -arch x86_64 -macosx_version_min 10.8.0 -o cmTryCompileExec2655804142 -search_paths_first -headerpad_max_install_names CMakeFiles/cmTryCompileExec2655804142.dir/CMakeCXXCompilerABI.cpp.o -lstdc++ -lSystem /usr/bin/../lib/clang/4.2/lib/darwin/libclang_rt.osx.a


Parsed CXX implicit link information from above output:
  link line regex: [^( *|.*[/\])(ld|ld|collect2)[^/\]*( |$)]
  ignore line: [Change Dir: /Users/graceparkssd/Desktop/viewer/build_gdb/CMakeFiles/CMakeTmp]
  ignore line: []
  ignore line: [Run Build Command:/usr/bin/make "cmTryCompileExec2655804142/fast"]
  ignore line: [/usr/bin/make -f CMakeFiles/cmTryCompileExec2655804142.dir/build.make CMakeFiles/cmTryCompileExec2655804142.dir/build]
  ignore line: [/opt/local/bin/cmake -E cmake_progress_report /Users/graceparkssd/Desktop/viewer/build_gdb/CMakeFiles/CMakeTmp/CMakeFiles 1]
  ignore line: [Building CXX object CMakeFiles/cmTryCompileExec2655804142.dir/CMakeCXXCompilerABI.cpp.o]
  ignore line: [/usr/bin/c++     -o CMakeFiles/cmTryCompileExec2655804142.dir/CMakeCXXCompilerABI.cpp.o -c /opt/local/share/cmake-2.8/Modules/CMakeCXXCompilerABI.cpp]
  ignore line: [Linking CXX executable cmTryCompileExec2655804142]
  ignore line: [/opt/local/bin/cmake -E cmake_link_script CMakeFiles/cmTryCompileExec2655804142.dir/link.txt --verbose=1]
  ignore line: [/usr/bin/c++       -Wl,-search_paths_first -Wl,-headerpad_max_install_names -v CMakeFiles/cmTryCompileExec2655804142.dir/CMakeCXXCompilerABI.cpp.o  -o cmTryCompileExec2655804142   ]
  ignore line: [Apple LLVM version 4.2 (clang-425.0.28) (based on LLVM 3.2svn)]
  ignore line: [Target: x86_64-apple-darwin12.4.0]
  ignore line: [Thread model: posix]
  link line: [ "/usr/bin/ld" -demangle -dynamic -arch x86_64 -macosx_version_min 10.8.0 -o cmTryCompileExec2655804142 -search_paths_first -headerpad_max_install_names CMakeFiles/cmTryCompileExec2655804142.dir/CMakeCXXCompilerABI.cpp.o -lstdc++ -lSystem /usr/bin/../lib/clang/4.2/lib/darwin/libclang_rt.osx.a]
    arg [/usr/bin/ld] ==> ignore
    arg [-demangle] ==> ignore
    arg [-dynamic] ==> ignore
    arg [-arch] ==> ignore
    arg [x86_64] ==> ignore
    arg [-macosx_version_min] ==> ignore
    arg [10.8.0] ==> ignore
    arg [-o] ==> ignore
    arg [cmTryCompileExec2655804142] ==> ignore
    arg [-search_paths_first] ==> ignore
    arg [-headerpad_max_install_names] ==> ignore
    arg [CMakeFiles/cmTryCompileExec2655804142.dir/CMakeCXXCompilerABI.cpp.o] ==> ignore
    arg [-lstdc++] ==> lib [stdc++]
    arg [-lSystem] ==> lib [System]
    arg [/usr/bin/../lib/clang/4.2/lib/darwin/libclang_rt.osx.a] ==> lib [/usr/bin/../lib/clang/4.2/lib/darwin/libclang_rt.osx.a]
  remove lib [System]
  implicit libs: [stdc++;/usr/bin/../lib/clang/4.2/lib/darwin/libclang_rt.osx.a]
  implicit dirs: []


Determining if the Q_WS_MAC exist passed with the following output:
Change Dir: /Users/graceparkssd/Desktop/viewer/build_gdb/CMakeFiles/CMakeTmp

Run Build Command:/usr/bin/make "cmTryCompileExec2944614529/fast"
/usr/bin/make -f CMakeFiles/cmTryCompileExec2944614529.dir/build.make CMakeFiles/cmTryCompileExec2944614529.dir/build
/opt/local/bin/cmake -E cmake_progress_report /Users/graceparkssd/Desktop/viewer/build_gdb/CMakeFiles/CMakeTmp/CMakeFiles 1
Building CXX object CMakeFiles/cmTryCompileExec2944614529.dir/CheckSymbolExists.cxx.o
/usr/bin/c++    -F/Library/Frameworks    -o CMakeFiles/cmTryCompileExec2944614529.dir/CheckSymbolExists.cxx.o -c /Users/graceparkssd/Desktop/viewer/build_gdb/CMakeFiles/CMakeTmp/CheckSymbolExists.cxx
Linking CXX executable cmTryCompileExec2944614529
/opt/local/bin/cmake -E cmake_link_script CMakeFiles/cmTryCompileExec2944614529.dir/link.txt --verbose=1
/usr/bin/c++       -Wl,-search_paths_first -Wl,-headerpad_max_install_names   CMakeFiles/cmTryCompileExec2944614529.dir/CheckSymbolExists.cxx.o  -o cmTryCompileExec2944614529  

File /Users/graceparkssd/Desktop/viewer/build_gdb/CMakeFiles/CMakeTmp/CheckSymbolExists.cxx:
/* */
#include <QtCore/qglobal.h>

int main(int argc, char** argv)
{
  (void)argv;
#ifndef Q_WS_MAC
  return ((int*)(&Q_WS_MAC))[argc];
#else
  (void)argc;
  return 0;
#endif
}

Determining if the QT_MAC_USE_COCOA exist passed with the following output:
Change Dir: /Users/graceparkssd/Desktop/viewer/build_gdb/CMakeFiles/CMakeTmp

Run Build Command:/usr/bin/make "cmTryCompileExec3971482299/fast"
/usr/bin/make -f CMakeFiles/cmTryCompileExec3971482299.dir/build.make CMakeFiles/cmTryCompileExec3971482299.dir/build
/opt/local/bin/cmake -E cmake_progress_report /Users/graceparkssd/Desktop/viewer/build_gdb/CMakeFiles/CMakeTmp/CMakeFiles 1
Building CXX object CMakeFiles/cmTryCompileExec3971482299.dir/CheckSymbolExists.cxx.o
/usr/bin/c++    -F/Library/Frameworks    -o CMakeFiles/cmTryCompileExec3971482299.dir/CheckSymbolExists.cxx.o -c /Users/graceparkssd/Desktop/viewer/build_gdb/CMakeFiles/CMakeTmp/CheckSymbolExists.cxx
Linking CXX executable cmTryCompileExec3971482299
/opt/local/bin/cmake -E cmake_link_script CMakeFiles/cmTryCompileExec3971482299.dir/link.txt --verbose=1
/usr/bin/c++       -Wl,-search_paths_first -Wl,-headerpad_max_install_names   CMakeFiles/cmTryCompileExec3971482299.dir/CheckSymbolExists.cxx.o  -o cmTryCompileExec3971482299  

File /Users/graceparkssd/Desktop/viewer/build_gdb/CMakeFiles/CMakeTmp/CheckSymbolExists.cxx:
/* */
#include <QtCore/qconfig.h>

int main(int argc, char** argv)
{
  (void)argv;
#ifndef QT_MAC_USE_COCOA
  return ((int*)(&QT_MAC_USE_COCOA))[argc];
#else
  (void)argc;
  return 0;
#endif
}

