The system is: Darwin - 12.4.0 - i386
Compiling the C compiler identification source file "CMakeCCompilerId.c" succeeded.
Compiler: /usr/bin/cc 
Build flags: 
Id flags: 

The output was:
0


Compilation of the C compiler identification source "CMakeCCompilerId.c" produced "a.out"

The C compiler identification is Clang, found in "/Users/graceparkssd/Desktop/viewer/build_m32/CMakeFiles/2.8.10.2/CompilerIdC/a.out"

Compiling the CXX compiler identification source file "CMakeCXXCompilerId.cpp" succeeded.
Compiler: /usr/bin/c++ 
Build flags: 
Id flags: 

The output was:
0


Compilation of the CXX compiler identification source "CMakeCXXCompilerId.cpp" produced "a.out"

The CXX compiler identification is Clang, found in "/Users/graceparkssd/Desktop/viewer/build_m32/CMakeFiles/2.8.10.2/CompilerIdCXX/a.out"

Determining if the C compiler works passed with the following output:
Change Dir: /Users/graceparkssd/Desktop/viewer/build_m32/CMakeFiles/CMakeTmp

Run Build Command:/usr/bin/make "cmTryCompileExec248312131/fast"
/usr/bin/make -f CMakeFiles/cmTryCompileExec248312131.dir/build.make CMakeFiles/cmTryCompileExec248312131.dir/build
/opt/local/bin/cmake -E cmake_progress_report /Users/graceparkssd/Desktop/viewer/build_m32/CMakeFiles/CMakeTmp/CMakeFiles 1
Building C object CMakeFiles/cmTryCompileExec248312131.dir/testCCompiler.c.o
/usr/bin/cc    -o CMakeFiles/cmTryCompileExec248312131.dir/testCCompiler.c.o   -c /Users/graceparkssd/Desktop/viewer/build_m32/CMakeFiles/CMakeTmp/testCCompiler.c
Linking C executable cmTryCompileExec248312131
/opt/local/bin/cmake -E cmake_link_script CMakeFiles/cmTryCompileExec248312131.dir/link.txt --verbose=1
/usr/bin/cc      -Wl,-search_paths_first -Wl,-headerpad_max_install_names   CMakeFiles/cmTryCompileExec248312131.dir/testCCompiler.c.o  -o cmTryCompileExec248312131  


Detecting C compiler ABI info compiled with the following output:
Change Dir: /Users/graceparkssd/Desktop/viewer/build_m32/CMakeFiles/CMakeTmp

Run Build Command:/usr/bin/make "cmTryCompileExec3915803621/fast"
/usr/bin/make -f CMakeFiles/cmTryCompileExec3915803621.dir/build.make CMakeFiles/cmTryCompileExec3915803621.dir/build
/opt/local/bin/cmake -E cmake_progress_report /Users/graceparkssd/Desktop/viewer/build_m32/CMakeFiles/CMakeTmp/CMakeFiles 1
Building C object CMakeFiles/cmTryCompileExec3915803621.dir/CMakeCCompilerABI.c.o
/usr/bin/cc    -o CMakeFiles/cmTryCompileExec3915803621.dir/CMakeCCompilerABI.c.o   -c /opt/local/share/cmake-2.8/Modules/CMakeCCompilerABI.c
Linking C executable cmTryCompileExec3915803621
/opt/local/bin/cmake -E cmake_link_script CMakeFiles/cmTryCompileExec3915803621.dir/link.txt --verbose=1
/usr/bin/cc      -Wl,-search_paths_first -Wl,-headerpad_max_install_names -v CMakeFiles/cmTryCompileExec3915803621.dir/CMakeCCompilerABI.c.o  -o cmTryCompileExec3915803621   
Apple LLVM version 4.2 (clang-425.0.28) (based on LLVM 3.2svn)
Target: x86_64-apple-darwin12.4.0
Thread model: posix
 "/usr/bin/ld" -demangle -dynamic -arch x86_64 -macosx_version_min 10.8.0 -o cmTryCompileExec3915803621 -search_paths_first -headerpad_max_install_names CMakeFiles/cmTryCompileExec3915803621.dir/CMakeCCompilerABI.c.o -lSystem /usr/bin/../lib/clang/4.2/lib/darwin/libclang_rt.osx.a


Parsed C implicit link information from above output:
  link line regex: [^( *|.*[/\])(ld|ld|collect2)[^/\]*( |$)]
  ignore line: [Change Dir: /Users/graceparkssd/Desktop/viewer/build_m32/CMakeFiles/CMakeTmp]
  ignore line: []
  ignore line: [Run Build Command:/usr/bin/make "cmTryCompileExec3915803621/fast"]
  ignore line: [/usr/bin/make -f CMakeFiles/cmTryCompileExec3915803621.dir/build.make CMakeFiles/cmTryCompileExec3915803621.dir/build]
  ignore line: [/opt/local/bin/cmake -E cmake_progress_report /Users/graceparkssd/Desktop/viewer/build_m32/CMakeFiles/CMakeTmp/CMakeFiles 1]
  ignore line: [Building C object CMakeFiles/cmTryCompileExec3915803621.dir/CMakeCCompilerABI.c.o]
  ignore line: [/usr/bin/cc    -o CMakeFiles/cmTryCompileExec3915803621.dir/CMakeCCompilerABI.c.o   -c /opt/local/share/cmake-2.8/Modules/CMakeCCompilerABI.c]
  ignore line: [Linking C executable cmTryCompileExec3915803621]
  ignore line: [/opt/local/bin/cmake -E cmake_link_script CMakeFiles/cmTryCompileExec3915803621.dir/link.txt --verbose=1]
  ignore line: [/usr/bin/cc      -Wl,-search_paths_first -Wl,-headerpad_max_install_names -v CMakeFiles/cmTryCompileExec3915803621.dir/CMakeCCompilerABI.c.o  -o cmTryCompileExec3915803621   ]
  ignore line: [Apple LLVM version 4.2 (clang-425.0.28) (based on LLVM 3.2svn)]
  ignore line: [Target: x86_64-apple-darwin12.4.0]
  ignore line: [Thread model: posix]
  link line: [ "/usr/bin/ld" -demangle -dynamic -arch x86_64 -macosx_version_min 10.8.0 -o cmTryCompileExec3915803621 -search_paths_first -headerpad_max_install_names CMakeFiles/cmTryCompileExec3915803621.dir/CMakeCCompilerABI.c.o -lSystem /usr/bin/../lib/clang/4.2/lib/darwin/libclang_rt.osx.a]
    arg [/usr/bin/ld] ==> ignore
    arg [-demangle] ==> ignore
    arg [-dynamic] ==> ignore
    arg [-arch] ==> ignore
    arg [x86_64] ==> ignore
    arg [-macosx_version_min] ==> ignore
    arg [10.8.0] ==> ignore
    arg [-o] ==> ignore
    arg [cmTryCompileExec3915803621] ==> ignore
    arg [-search_paths_first] ==> ignore
    arg [-headerpad_max_install_names] ==> ignore
    arg [CMakeFiles/cmTryCompileExec3915803621.dir/CMakeCCompilerABI.c.o] ==> ignore
    arg [-lSystem] ==> lib [System]
    arg [/usr/bin/../lib/clang/4.2/lib/darwin/libclang_rt.osx.a] ==> lib [/usr/bin/../lib/clang/4.2/lib/darwin/libclang_rt.osx.a]
  remove lib [System]
  implicit libs: [/usr/bin/../lib/clang/4.2/lib/darwin/libclang_rt.osx.a]
  implicit dirs: []


Determining if the CXX compiler works passed with the following output:
Change Dir: /Users/graceparkssd/Desktop/viewer/build_m32/CMakeFiles/CMakeTmp

Run Build Command:/usr/bin/make "cmTryCompileExec195418524/fast"
/usr/bin/make -f CMakeFiles/cmTryCompileExec195418524.dir/build.make CMakeFiles/cmTryCompileExec195418524.dir/build
/opt/local/bin/cmake -E cmake_progress_report /Users/graceparkssd/Desktop/viewer/build_m32/CMakeFiles/CMakeTmp/CMakeFiles 1
Building CXX object CMakeFiles/cmTryCompileExec195418524.dir/testCXXCompiler.cxx.o
/usr/bin/c++     -o CMakeFiles/cmTryCompileExec195418524.dir/testCXXCompiler.cxx.o -c /Users/graceparkssd/Desktop/viewer/build_m32/CMakeFiles/CMakeTmp/testCXXCompiler.cxx
Linking CXX executable cmTryCompileExec195418524
/opt/local/bin/cmake -E cmake_link_script CMakeFiles/cmTryCompileExec195418524.dir/link.txt --verbose=1
/usr/bin/c++       -Wl,-search_paths_first -Wl,-headerpad_max_install_names   CMakeFiles/cmTryCompileExec195418524.dir/testCXXCompiler.cxx.o  -o cmTryCompileExec195418524  


Detecting CXX compiler ABI info compiled with the following output:
Change Dir: /Users/graceparkssd/Desktop/viewer/build_m32/CMakeFiles/CMakeTmp

Run Build Command:/usr/bin/make "cmTryCompileExec3426562096/fast"
/usr/bin/make -f CMakeFiles/cmTryCompileExec3426562096.dir/build.make CMakeFiles/cmTryCompileExec3426562096.dir/build
/opt/local/bin/cmake -E cmake_progress_report /Users/graceparkssd/Desktop/viewer/build_m32/CMakeFiles/CMakeTmp/CMakeFiles 1
Building CXX object CMakeFiles/cmTryCompileExec3426562096.dir/CMakeCXXCompilerABI.cpp.o
/usr/bin/c++     -o CMakeFiles/cmTryCompileExec3426562096.dir/CMakeCXXCompilerABI.cpp.o -c /opt/local/share/cmake-2.8/Modules/CMakeCXXCompilerABI.cpp
Linking CXX executable cmTryCompileExec3426562096
/opt/local/bin/cmake -E cmake_link_script CMakeFiles/cmTryCompileExec3426562096.dir/link.txt --verbose=1
/usr/bin/c++       -Wl,-search_paths_first -Wl,-headerpad_max_install_names -v CMakeFiles/cmTryCompileExec3426562096.dir/CMakeCXXCompilerABI.cpp.o  -o cmTryCompileExec3426562096   
Apple LLVM version 4.2 (clang-425.0.28) (based on LLVM 3.2svn)
Target: x86_64-apple-darwin12.4.0
Thread model: posix
 "/usr/bin/ld" -demangle -dynamic -arch x86_64 -macosx_version_min 10.8.0 -o cmTryCompileExec3426562096 -search_paths_first -headerpad_max_install_names CMakeFiles/cmTryCompileExec3426562096.dir/CMakeCXXCompilerABI.cpp.o -lstdc++ -lSystem /usr/bin/../lib/clang/4.2/lib/darwin/libclang_rt.osx.a


Parsed CXX implicit link information from above output:
  link line regex: [^( *|.*[/\])(ld|ld|collect2)[^/\]*( |$)]
  ignore line: [Change Dir: /Users/graceparkssd/Desktop/viewer/build_m32/CMakeFiles/CMakeTmp]
  ignore line: []
  ignore line: [Run Build Command:/usr/bin/make "cmTryCompileExec3426562096/fast"]
  ignore line: [/usr/bin/make -f CMakeFiles/cmTryCompileExec3426562096.dir/build.make CMakeFiles/cmTryCompileExec3426562096.dir/build]
  ignore line: [/opt/local/bin/cmake -E cmake_progress_report /Users/graceparkssd/Desktop/viewer/build_m32/CMakeFiles/CMakeTmp/CMakeFiles 1]
  ignore line: [Building CXX object CMakeFiles/cmTryCompileExec3426562096.dir/CMakeCXXCompilerABI.cpp.o]
  ignore line: [/usr/bin/c++     -o CMakeFiles/cmTryCompileExec3426562096.dir/CMakeCXXCompilerABI.cpp.o -c /opt/local/share/cmake-2.8/Modules/CMakeCXXCompilerABI.cpp]
  ignore line: [Linking CXX executable cmTryCompileExec3426562096]
  ignore line: [/opt/local/bin/cmake -E cmake_link_script CMakeFiles/cmTryCompileExec3426562096.dir/link.txt --verbose=1]
  ignore line: [/usr/bin/c++       -Wl,-search_paths_first -Wl,-headerpad_max_install_names -v CMakeFiles/cmTryCompileExec3426562096.dir/CMakeCXXCompilerABI.cpp.o  -o cmTryCompileExec3426562096   ]
  ignore line: [Apple LLVM version 4.2 (clang-425.0.28) (based on LLVM 3.2svn)]
  ignore line: [Target: x86_64-apple-darwin12.4.0]
  ignore line: [Thread model: posix]
  link line: [ "/usr/bin/ld" -demangle -dynamic -arch x86_64 -macosx_version_min 10.8.0 -o cmTryCompileExec3426562096 -search_paths_first -headerpad_max_install_names CMakeFiles/cmTryCompileExec3426562096.dir/CMakeCXXCompilerABI.cpp.o -lstdc++ -lSystem /usr/bin/../lib/clang/4.2/lib/darwin/libclang_rt.osx.a]
    arg [/usr/bin/ld] ==> ignore
    arg [-demangle] ==> ignore
    arg [-dynamic] ==> ignore
    arg [-arch] ==> ignore
    arg [x86_64] ==> ignore
    arg [-macosx_version_min] ==> ignore
    arg [10.8.0] ==> ignore
    arg [-o] ==> ignore
    arg [cmTryCompileExec3426562096] ==> ignore
    arg [-search_paths_first] ==> ignore
    arg [-headerpad_max_install_names] ==> ignore
    arg [CMakeFiles/cmTryCompileExec3426562096.dir/CMakeCXXCompilerABI.cpp.o] ==> ignore
    arg [-lstdc++] ==> lib [stdc++]
    arg [-lSystem] ==> lib [System]
    arg [/usr/bin/../lib/clang/4.2/lib/darwin/libclang_rt.osx.a] ==> lib [/usr/bin/../lib/clang/4.2/lib/darwin/libclang_rt.osx.a]
  remove lib [System]
  implicit libs: [stdc++;/usr/bin/../lib/clang/4.2/lib/darwin/libclang_rt.osx.a]
  implicit dirs: []


Determining if the Q_WS_MAC exist passed with the following output:
Change Dir: /Users/graceparkssd/Desktop/viewer/build_m32/CMakeFiles/CMakeTmp

Run Build Command:/usr/bin/make "cmTryCompileExec1415142628/fast"
/usr/bin/make -f CMakeFiles/cmTryCompileExec1415142628.dir/build.make CMakeFiles/cmTryCompileExec1415142628.dir/build
/opt/local/bin/cmake -E cmake_progress_report /Users/graceparkssd/Desktop/viewer/build_m32/CMakeFiles/CMakeTmp/CMakeFiles 1
Building CXX object CMakeFiles/cmTryCompileExec1415142628.dir/CheckSymbolExists.cxx.o
/usr/bin/c++    -F/Library/Frameworks    -o CMakeFiles/cmTryCompileExec1415142628.dir/CheckSymbolExists.cxx.o -c /Users/graceparkssd/Desktop/viewer/build_m32/CMakeFiles/CMakeTmp/CheckSymbolExists.cxx
Linking CXX executable cmTryCompileExec1415142628
/opt/local/bin/cmake -E cmake_link_script CMakeFiles/cmTryCompileExec1415142628.dir/link.txt --verbose=1
/usr/bin/c++       -Wl,-search_paths_first -Wl,-headerpad_max_install_names   CMakeFiles/cmTryCompileExec1415142628.dir/CheckSymbolExists.cxx.o  -o cmTryCompileExec1415142628  

File /Users/graceparkssd/Desktop/viewer/build_m32/CMakeFiles/CMakeTmp/CheckSymbolExists.cxx:
/* */
#include <QtCore/qglobal.h>

int main(int argc, char** argv)
{
  (void)argv;
#ifndef Q_WS_MAC
  return ((int*)(&Q_WS_MAC))[argc];
#else
  (void)argc;
  return 0;
#endif
}

Determining if the QT_MAC_USE_COCOA exist passed with the following output:
Change Dir: /Users/graceparkssd/Desktop/viewer/build_m32/CMakeFiles/CMakeTmp

Run Build Command:/usr/bin/make "cmTryCompileExec1738828131/fast"
/usr/bin/make -f CMakeFiles/cmTryCompileExec1738828131.dir/build.make CMakeFiles/cmTryCompileExec1738828131.dir/build
/opt/local/bin/cmake -E cmake_progress_report /Users/graceparkssd/Desktop/viewer/build_m32/CMakeFiles/CMakeTmp/CMakeFiles 1
Building CXX object CMakeFiles/cmTryCompileExec1738828131.dir/CheckSymbolExists.cxx.o
/usr/bin/c++    -F/Library/Frameworks    -o CMakeFiles/cmTryCompileExec1738828131.dir/CheckSymbolExists.cxx.o -c /Users/graceparkssd/Desktop/viewer/build_m32/CMakeFiles/CMakeTmp/CheckSymbolExists.cxx
Linking CXX executable cmTryCompileExec1738828131
/opt/local/bin/cmake -E cmake_link_script CMakeFiles/cmTryCompileExec1738828131.dir/link.txt --verbose=1
/usr/bin/c++       -Wl,-search_paths_first -Wl,-headerpad_max_install_names   CMakeFiles/cmTryCompileExec1738828131.dir/CheckSymbolExists.cxx.o  -o cmTryCompileExec1738828131  

File /Users/graceparkssd/Desktop/viewer/build_m32/CMakeFiles/CMakeTmp/CheckSymbolExists.cxx:
/* */
#include <QtCore/qconfig.h>

int main(int argc, char** argv)
{
  (void)argv;
#ifndef QT_MAC_USE_COCOA
  return ((int*)(&QT_MAC_USE_COCOA))[argc];
#else
  (void)argc;
  return 0;
#endif
}

