Determining if the Q_WS_X11 exist failed with the following output:
Change Dir: /Users/graceparkssd/Desktop/viewer/build/CMakeFiles/CMakeTmp

Run Build Command:/usr/bin/make "cmTryCompileExec3467400520/fast"
/usr/bin/make -f CMakeFiles/cmTryCompileExec3467400520.dir/build.make CMakeFiles/cmTryCompileExec3467400520.dir/build
/opt/local/bin/cmake -E cmake_progress_report /Users/graceparkssd/Desktop/viewer/build/CMakeFiles/CMakeTmp/CMakeFiles 1
Building CXX object CMakeFiles/cmTryCompileExec3467400520.dir/CheckSymbolExists.cxx.o
/usr/bin/c++    -F/Library/Frameworks    -o CMakeFiles/cmTryCompileExec3467400520.dir/CheckSymbolExists.cxx.o -c /Users/graceparkssd/Desktop/viewer/build/CMakeFiles/CMakeTmp/CheckSymbolExists.cxx
/Users/graceparkssd/Desktop/viewer/build/CMakeFiles/CMakeTmp/CheckSymbolExists.cxx:8:19: error: use of undeclared identifier 'Q_WS_X11'
  return ((int*)(&Q_WS_X11))[argc];
                  ^
1 error generated.
make[1]: *** [CMakeFiles/cmTryCompileExec3467400520.dir/CheckSymbolExists.cxx.o] Error 1
make: *** [cmTryCompileExec3467400520/fast] Error 2

File /Users/graceparkssd/Desktop/viewer/build/CMakeFiles/CMakeTmp/CheckSymbolExists.cxx:
/* */
#include <QtCore/qglobal.h>

int main(int argc, char** argv)
{
  (void)argv;
#ifndef Q_WS_X11
  return ((int*)(&Q_WS_X11))[argc];
#else
  (void)argc;
  return 0;
#endif
}

Determining if the Q_WS_WIN exist failed with the following output:
Change Dir: /Users/graceparkssd/Desktop/viewer/build/CMakeFiles/CMakeTmp

Run Build Command:/usr/bin/make "cmTryCompileExec2139367383/fast"
/usr/bin/make -f CMakeFiles/cmTryCompileExec2139367383.dir/build.make CMakeFiles/cmTryCompileExec2139367383.dir/build
/opt/local/bin/cmake -E cmake_progress_report /Users/graceparkssd/Desktop/viewer/build/CMakeFiles/CMakeTmp/CMakeFiles 1
Building CXX object CMakeFiles/cmTryCompileExec2139367383.dir/CheckSymbolExists.cxx.o
/usr/bin/c++    -F/Library/Frameworks    -o CMakeFiles/cmTryCompileExec2139367383.dir/CheckSymbolExists.cxx.o -c /Users/graceparkssd/Desktop/viewer/build/CMakeFiles/CMakeTmp/CheckSymbolExists.cxx
/Users/graceparkssd/Desktop/viewer/build/CMakeFiles/CMakeTmp/CheckSymbolExists.cxx:8:19: error: use of undeclared identifier 'Q_WS_WIN'
  return ((int*)(&Q_WS_WIN))[argc];
                  ^
1 error generated.
make[1]: *** [CMakeFiles/cmTryCompileExec2139367383.dir/CheckSymbolExists.cxx.o] Error 1
make: *** [cmTryCompileExec2139367383/fast] Error 2

File /Users/graceparkssd/Desktop/viewer/build/CMakeFiles/CMakeTmp/CheckSymbolExists.cxx:
/* */
#include <QtCore/qglobal.h>

int main(int argc, char** argv)
{
  (void)argv;
#ifndef Q_WS_WIN
  return ((int*)(&Q_WS_WIN))[argc];
#else
  (void)argc;
  return 0;
#endif
}

Determining if the Q_WS_QWS exist failed with the following output:
Change Dir: /Users/graceparkssd/Desktop/viewer/build/CMakeFiles/CMakeTmp

Run Build Command:/usr/bin/make "cmTryCompileExec1663002728/fast"
/usr/bin/make -f CMakeFiles/cmTryCompileExec1663002728.dir/build.make CMakeFiles/cmTryCompileExec1663002728.dir/build
/opt/local/bin/cmake -E cmake_progress_report /Users/graceparkssd/Desktop/viewer/build/CMakeFiles/CMakeTmp/CMakeFiles 1
Building CXX object CMakeFiles/cmTryCompileExec1663002728.dir/CheckSymbolExists.cxx.o
/usr/bin/c++    -F/Library/Frameworks    -o CMakeFiles/cmTryCompileExec1663002728.dir/CheckSymbolExists.cxx.o -c /Users/graceparkssd/Desktop/viewer/build/CMakeFiles/CMakeTmp/CheckSymbolExists.cxx
/Users/graceparkssd/Desktop/viewer/build/CMakeFiles/CMakeTmp/CheckSymbolExists.cxx:8:19: error: use of undeclared identifier 'Q_WS_QWS'
  return ((int*)(&Q_WS_QWS))[argc];
                  ^
1 error generated.
make[1]: *** [CMakeFiles/cmTryCompileExec1663002728.dir/CheckSymbolExists.cxx.o] Error 1
make: *** [cmTryCompileExec1663002728/fast] Error 2

File /Users/graceparkssd/Desktop/viewer/build/CMakeFiles/CMakeTmp/CheckSymbolExists.cxx:
/* */
#include <QtCore/qglobal.h>

int main(int argc, char** argv)
{
  (void)argv;
#ifndef Q_WS_QWS
  return ((int*)(&Q_WS_QWS))[argc];
#else
  (void)argc;
  return 0;
#endif
}

